<?xml version="1.0" encoding="UTF-8"?>
<!-- Generated by org.testng.reporters.JUnitXMLReporter -->
<testsuite hostname="Laxman" name="Default test" tests="7" failures="0" timestamp="1 Jul 2021 03:23:32 GMT" time="42.228" errors="0">
  <testcase name="enterUserName" time="2.27" classname="automation.TestProject.TestSauceProject"/>
  <testcase name="enterPassword" time="2.133" classname="automation.TestProject.TestSauceProject"/>
  <testcase name="clickLoginButton" time="2.167" classname="automation.TestProject.TestSauceProject"/>
  <testcase name="clickOnFilterDropDown" time="2.216" classname="automation.TestProject.TestSauceProject"/>
  <testcase name="selectLowToHighPriceFilter" time="2.321" classname="automation.TestProject.TestSauceProject"/>
  <testcase name="addingItemToCart" time="13.216" classname="automation.TestProject.TestSauceProject"/>
  <testcase name="viewingCart" time="6.2" classname="automation.TestProject.TestSauceProject"/>
</testsuite> <!-- Default test -->
